<?xml version="1.0" encoding="UTF-8" ?>
<testsuites>
  <testsuite errors="0" failures="0" hostname="DESKTOP-DU2M06K" id="0" name="BookTest" package="com.nk2164.domain" skipped="0" tests="2" time="0.02" timestamp="2019-10-26T21:54:28">
      <properties>
[...]
</properties>

      <testcase classname="com.nk2164.domain.BookTest" name="testBooksWithTheSameIsbnAreConsideredEqual" time="0.002" />

      <testcase classname="com.nk2164.domain.BookTest" name="testConvertingToString" time="0.0" />

      <system-out><![CDATA[]]></system-out>

      <system-err><![CDATA[]]></system-err>

  </testsuite>
  <testsuite errors="0" failures="0" hostname="DESKTOP-DU2M06K" id="1" name="OrderTest" package="com.nk2164.domain" skipped="0" tests="1" time="0.004" timestamp="2019-10-26T21:54:28">
      <properties>
[...]
</properties>

      <testcase classname="com.nk2164.domain.OrderTest" name="testOrdersCreatedOk" time="0.001" />

      <system-out><![CDATA[]]></system-out>

      <system-err><![CDATA[]]></system-err>

  </testsuite>
</testsuites>
